h:\dev\opengl\debug\glfw.pdb
h:\dev\opengl\debug\glfw.idb
h:\dev\opengl\glfw\debug\window.obj
h:\dev\opengl\glfw\debug\win32_window.obj
h:\dev\opengl\glfw\debug\win32_time.obj
h:\dev\opengl\glfw\debug\win32_thread.obj
h:\dev\opengl\glfw\debug\win32_monitor.obj
h:\dev\opengl\glfw\debug\win32_joystick.obj
h:\dev\opengl\glfw\debug\win32_init.obj
h:\dev\opengl\glfw\debug\wgl_context.obj
h:\dev\opengl\glfw\debug\vulkan.obj
h:\dev\opengl\glfw\debug\osmesa_context.obj
h:\dev\opengl\glfw\debug\monitor.obj
h:\dev\opengl\glfw\debug\input.obj
h:\dev\opengl\glfw\debug\init.obj
h:\dev\opengl\glfw\debug\egl_context.obj
h:\dev\opengl\glfw\debug\context.obj
h:\dev\opengl\debug\glfw.lib
h:\dev\opengl\glfw\debug\glfw.tlog\cl.command.1.tlog
h:\dev\opengl\glfw\debug\glfw.tlog\cl.read.1.tlog
h:\dev\opengl\glfw\debug\glfw.tlog\cl.write.1.tlog
h:\dev\opengl\glfw\debug\glfw.tlog\lib-link.read.1.tlog
h:\dev\opengl\glfw\debug\glfw.tlog\lib-link.write.1.tlog
h:\dev\opengl\glfw\debug\glfw.tlog\lib.command.1.tlog
